0 info it worked if it ends with ok
1 verbose cli [ 'C:\\Program Files\\nodejs\\node.exe',
1 verbose cli   'C:\\Users\\Admin\\AppData\\Roaming\\npm\\node_modules\\npm\\bin\\npm-cli.js',
1 verbose cli   'run',
1 verbose cli   'watch:css' ]
2 info using npm@3.10.9
3 info using node@v6.11.3
4 verbose run-script [ 'prewatch:css', 'watch:css', 'postwatch:css' ]
5 info lifecycle javascript-practice@1.0.0~prewatch:css: javascript-practice@1.0.0
6 silly lifecycle javascript-practice@1.0.0~prewatch:css: no script for prewatch:css, continuing
7 info lifecycle javascript-practice@1.0.0~watch:css: javascript-practice@1.0.0
8 verbose lifecycle javascript-practice@1.0.0~watch:css: unsafe-perm in lifecycle true
9 verbose lifecycle javascript-practice@1.0.0~watch:css: PATH: C:\Users\Admin\AppData\Roaming\npm\node_modules\npm\bin\node-gyp-bin;D:\Education_projects\vanilla-js\vanilla-tab\node_modules\.bin;C:\Users\Admin\AppData\Roaming\npm\node_modules\npm\bin\node-gyp-bin;D:\Education_projects\vanilla-js\vanilla-tab\node_modules\.bin;C:\Users\Admin\AppData\Roaming\npm\node_modules\npm\bin\node-gyp-bin;D:\Education_projects\vanilla-js\vanilla-tab\node_modules\.bin;C:\ProgramData\Oracle\Java\javapath;C:\Program Files (x86)\AMD APP\bin\x86_64;C:\Program Files (x86)\AMD APP\bin\x86;C:\WINDOWS\system32;C:\WINDOWS;C:\WINDOWS\System32\Wbem;C:\WINDOWS\System32\WindowsPowerShell\v1.0\;C:\Program Files (x86)\ATI Technologies\ATI.ACE\Core-Static;C:\Program Files\Git\cmd;C:\Program Files (x86)\Skype\Phone\;C:\Program Files\nodejs\;C:\Users\Admin\AppData\Local\Microsoft\WindowsApps;C:\Users\Admin\AppData\Local\atom\bin;C:\Users\Admin\AppData\Roaming\npm
10 verbose lifecycle javascript-practice@1.0.0~watch:css: CWD: D:\Education_projects\vanilla-js\vanilla-tab
11 silly lifecycle javascript-practice@1.0.0~watch:css: Args: [ '/d /s /c', 'onchange "src/*.css" -- npm run build:css' ]
12 verbose stack Error: kill ENOSYS
12 verbose stack     at exports._errnoException (util.js:1020:11)
12 verbose stack     at process.kill (internal/process.js:190:13)
12 verbose stack     at process.listener (C:\Users\Admin\AppData\Roaming\npm\node_modules\npm\node_modules\npmlog\node_modules\gauge\node_modules\signal-exit\index.js:86:15)
12 verbose stack     at emitNone (events.js:91:20)
12 verbose stack     at process.emit (events.js:185:7)
12 verbose stack     at processEmit (C:\Users\Admin\AppData\Roaming\npm\node_modules\npm\node_modules\npmlog\node_modules\gauge\node_modules\signal-exit\index.js:146:32)
12 verbose stack     at processEmit (C:\Users\Admin\AppData\Roaming\npm\node_modules\npm\node_modules\npm-registry-client\node_modules\npmlog\node_modules\gauge\node_modules\signal-exit\index.js:146:32)
12 verbose stack     at Signal.wrap.onsignal (internal/process.js:217:44)
13 verbose cwd D:\Education_projects\vanilla-js\vanilla-tab
14 error Windows_NT 10.0.15063
15 error argv "C:\\Program Files\\nodejs\\node.exe" "C:\\Users\\Admin\\AppData\\Roaming\\npm\\node_modules\\npm\\bin\\npm-cli.js" "run" "watch:css"
16 error node v6.11.3
17 error npm  v3.10.9
18 error code ENOSYS
19 error errno ENOSYS
20 error syscall kill
21 error kill ENOSYS
22 error If you need help, you may report this error at:
22 error     <https://github.com/npm/npm/issues>
23 verbose exit [ 1, true ]
